<?xml version="1.0" encoding="UTF-8"?>
<testsuite name="QueenAttackCalculatorTest" tests="1" skipped="1" failures="0" errors="0" timestamp="2022-07-11T08:17:17" hostname="Siddharths-MacBook-Pro.local" time="0.001">
  <properties/>
  <testcase name="testQueensMustNotOccupyTheSameSquare" classname="QueenAttackCalculatorTest" time="0.001">
    <skipped/>
  </testcase>
  <system-out><![CDATA[]]></system-out>
  <system-err><![CDATA[]]></system-err>
</testsuite>
