<?xml version="1.0" encoding="UTF-8"?>
<testsuite name="TwoferTest" tests="3" skipped="2" failures="0" errors="0" timestamp="2022-07-11T17:29:35" hostname="Siddharths-MacBook-Pro.local" time="0.054">
  <properties/>
  <testcase name="noNameGiven" classname="TwoferTest" time="0.05"/>
  <testcase name="aNameGiven" classname="TwoferTest" time="0.001">
    <skipped/>
  </testcase>
  <testcase name="anotherNameGiven" classname="TwoferTest" time="0.0">
    <skipped/>
  </testcase>
  <system-out><![CDATA[]]></system-out>
  <system-err><![CDATA[]]></system-err>
</testsuite>
